bash-4.3$ gcc hash.cpp -o hash -lcrypto -v
Reading specs from /usr/lib/gcc/i586-slackware-linux/5.3.0/specs
COLLECT_GCC=gcc
COLLECT_LTO_WRAPPER=/usr/libexec/gcc/i586-slackware-linux/5.3.0/lto-wrapper
Target: i586-slackware-linux
Configured with: ../gcc-5.3.0/configure --prefix=/usr --libdir=/usr/lib --mandir=/usr/man --infodir=/usr/info --enable-shared --enable-bootstrap --enable-languages=ada,c,c++,fortran,go,java,lto,objc --enable-threads=posix --enable-checking=release --enable-objc-gc --with-system-zlib --with-python-dir=/lib/python2.7/site-packages --enable-libstdcxx-dual-abi --with-default-libstdcxx-abi=gcc4-compatible --disable-libunwind-exceptions --enable-__cxa_atexit --enable-libssp --enable-lto --disable-install-libiberty --with-gnu-ld --verbose --enable-java-home --with-java-home=/usr/lib/jvm/jre --with-jvm-root-dir=/usr/lib/jvm --with-jvm-jar-dir=/usr/lib/jvm/jvm-exports --with-arch-directory=i386 --with-antlr-jar=/root/slackware-current/source/d/gcc/antlr-runtime-3.4.jar --enable-java-awt=gtk --disable-gtktest --with-arch=i586 --target=i586-slackware-linux --build=i586-slackware-linux --host=i586-slackware-linux
Thread model: posix
gcc version 5.3.0 (GCC) 
COLLECT_GCC_OPTIONS='-o' 'hash' '-v' '-mtune=pentium' '-march=i586'
 /usr/libexec/gcc/i586-slackware-linux/5.3.0/cc1plus -quiet -v -D_GNU_SOURCE hash.cpp -quiet -dumpbase hash.cpp -mtune=pentium -march=i586 -auxbase hash -version -o /tmp/ccReGtca.s
GNU C++ (GCC) version 5.3.0 (i586-slackware-linux)
	compiled by GNU C version 5.3.0, GMP version 6.1.0, MPFR version 3.1.4, MPC version 1.0.3
warning: GMP header version 6.1.0 differs from library version 6.1.1.
GGC heuristics: --param ggc-min-expand=98 --param ggc-min-heapsize=127378
ignoring nonexistent directory "/usr/lib/gcc/i586-slackware-linux/5.3.0/../../../../i586-slackware-linux/include"
#include "..." search starts here:
#include <...> search starts here:
 /usr/lib/qt/include
 /usr/lib/gcc/i586-slackware-linux/5.3.0/../../../../include/c++/5.3.0
 /usr/lib/gcc/i586-slackware-linux/5.3.0/../../../../include/c++/5.3.0/i586-slackware-linux
 /usr/lib/gcc/i586-slackware-linux/5.3.0/../../../../include/c++/5.3.0/backward
 /usr/lib/gcc/i586-slackware-linux/5.3.0/include
 /usr/local/include
 /usr/lib/gcc/i586-slackware-linux/5.3.0/include-fixed
 /usr/include
End of search list.
GNU C++ (GCC) version 5.3.0 (i586-slackware-linux)
	compiled by GNU C version 5.3.0, GMP version 6.1.0, MPFR version 3.1.4, MPC version 1.0.3
warning: GMP header version 6.1.0 differs from library version 6.1.1.
GGC heuristics: --param ggc-min-expand=98 --param ggc-min-heapsize=127378
Compiler executable checksum: c5620dca00dc79dee726cc160c8cb8dc
COLLECT_GCC_OPTIONS='-o' 'hash' '-v' '-mtune=pentium' '-march=i586'
 /usr/lib/gcc/i586-slackware-linux/5.3.0/../../../../i586-slackware-linux/bin/as -v --32 -o /tmp/ccxAohRC.o /tmp/ccReGtca.s
GNU assembler version 2.26 (i586-slackware-linux) using BFD version version 2.26.20160125
COMPILER_PATH=/usr/libexec/gcc/i586-slackware-linux/5.3.0/:/usr/libexec/gcc/i586-slackware-linux/5.3.0/:/usr/libexec/gcc/i586-slackware-linux/:/usr/lib/gcc/i586-slackware-linux/5.3.0/:/usr/lib/gcc/i586-slackware-linux/:/usr/lib/gcc/i586-slackware-linux/5.3.0/../../../../i586-slackware-linux/bin/
LIBRARY_PATH=/usr/lib/gcc/i586-slackware-linux/5.3.0/:/usr/lib/gcc/i586-slackware-linux/5.3.0/../../../../i586-slackware-linux/lib/:/usr/lib/gcc/i586-slackware-linux/5.3.0/../../../:/lib/:/usr/lib/
COLLECT_GCC_OPTIONS='-o' 'hash' '-v' '-mtune=pentium' '-march=i586'
 /usr/libexec/gcc/i586-slackware-linux/5.3.0/collect2 -plugin /usr/libexec/gcc/i586-slackware-linux/5.3.0/liblto_plugin.so -plugin-opt=/usr/libexec/gcc/i586-slackware-linux/5.3.0/lto-wrapper -plugin-opt=-fresolution=/tmp/cc1dnrgc.res -plugin-opt=-pass-through=-lgcc -plugin-opt=-pass-through=-lgcc_s -plugin-opt=-pass-through=-lc -plugin-opt=-pass-through=-lgcc -plugin-opt=-pass-through=-lgcc_s --eh-frame-hdr -m elf_i386 -dynamic-linker /lib/ld-linux.so.2 -o hash /usr/lib/gcc/i586-slackware-linux/5.3.0/../../../crt1.o /usr/lib/gcc/i586-slackware-linux/5.3.0/../../../crti.o /usr/lib/gcc/i586-slackware-linux/5.3.0/crtbegin.o -L/usr/lib/gcc/i586-slackware-linux/5.3.0 -L/usr/lib/gcc/i586-slackware-linux/5.3.0/../../../../i586-slackware-linux/lib -L/usr/lib/gcc/i586-slackware-linux/5.3.0/../../.. /tmp/ccxAohRC.o -lcrypto -lgcc --as-needed -lgcc_s --no-as-needed -lc -lgcc --as-needed -lgcc_s --no-as-needed /usr/lib/gcc/i586-slackware-linux/5.3.0/crtend.o /usr/lib/gcc/i586-slackware-linux/5.3.0/../../../crtn.o



bash-4.3$ gcc hash.c -o hash -lcrypto -v
Reading specs from /usr/lib/gcc/i586-slackware-linux/5.3.0/specs
COLLECT_GCC=gcc
COLLECT_LTO_WRAPPER=/usr/libexec/gcc/i586-slackware-linux/5.3.0/lto-wrapper
Target: i586-slackware-linux
Configured with: ../gcc-5.3.0/configure --prefix=/usr --libdir=/usr/lib --mandir=/usr/man --infodir=/usr/info --enable-shared --enable-bootstrap --enable-languages=ada,c,c++,fortran,go,java,lto,objc --enable-threads=posix --enable-checking=release --enable-objc-gc --with-system-zlib --with-python-dir=/lib/python2.7/site-packages --enable-libstdcxx-dual-abi --with-default-libstdcxx-abi=gcc4-compatible --disable-libunwind-exceptions --enable-__cxa_atexit --enable-libssp --enable-lto --disable-install-libiberty --with-gnu-ld --verbose --enable-java-home --with-java-home=/usr/lib/jvm/jre --with-jvm-root-dir=/usr/lib/jvm --with-jvm-jar-dir=/usr/lib/jvm/jvm-exports --with-arch-directory=i386 --with-antlr-jar=/root/slackware-current/source/d/gcc/antlr-runtime-3.4.jar --enable-java-awt=gtk --disable-gtktest --with-arch=i586 --target=i586-slackware-linux --build=i586-slackware-linux --host=i586-slackware-linux
Thread model: posix
gcc version 5.3.0 (GCC) 
COLLECT_GCC_OPTIONS='-o' 'hash' '-v' '-mtune=pentium' '-march=i586'
 /usr/libexec/gcc/i586-slackware-linux/5.3.0/cc1 -quiet -v hash.c -quiet -dumpbase hash.c -mtune=pentium -march=i586 -auxbase hash -version -o /tmp/ccAw2HgJ.s
GNU C11 (GCC) version 5.3.0 (i586-slackware-linux)
	compiled by GNU C version 5.3.0, GMP version 6.1.0, MPFR version 3.1.4, MPC version 1.0.3
warning: GMP header version 6.1.0 differs from library version 6.1.1.
GGC heuristics: --param ggc-min-expand=98 --param ggc-min-heapsize=127378
ignoring nonexistent directory "/usr/lib/gcc/i586-slackware-linux/5.3.0/../../../../i586-slackware-linux/include"
#include "..." search starts here:
#include <...> search starts here:
 /usr/lib/gcc/i586-slackware-linux/5.3.0/include
 /usr/local/include
 /usr/lib/gcc/i586-slackware-linux/5.3.0/include-fixed
 /usr/include
End of search list.
GNU C11 (GCC) version 5.3.0 (i586-slackware-linux)
	compiled by GNU C version 5.3.0, GMP version 6.1.0, MPFR version 3.1.4, MPC version 1.0.3
warning: GMP header version 6.1.0 differs from library version 6.1.1.
GGC heuristics: --param ggc-min-expand=98 --param ggc-min-heapsize=127378
Compiler executable checksum: c5a3ffed702d1cd048214b2b66d4a98a
COLLECT_GCC_OPTIONS='-o' 'hash' '-v' '-mtune=pentium' '-march=i586'
 /usr/lib/gcc/i586-slackware-linux/5.3.0/../../../../i586-slackware-linux/bin/as -v --32 -o /tmp/cckREKBQ.o /tmp/ccAw2HgJ.s
GNU assembler version 2.26 (i586-slackware-linux) using BFD version version 2.26.20160125
COMPILER_PATH=/usr/libexec/gcc/i586-slackware-linux/5.3.0/:/usr/libexec/gcc/i586-slackware-linux/5.3.0/:/usr/libexec/gcc/i586-slackware-linux/:/usr/lib/gcc/i586-slackware-linux/5.3.0/:/usr/lib/gcc/i586-slackware-linux/:/usr/lib/gcc/i586-slackware-linux/5.3.0/../../../../i586-slackware-linux/bin/
LIBRARY_PATH=/usr/lib/gcc/i586-slackware-linux/5.3.0/:/usr/lib/gcc/i586-slackware-linux/5.3.0/../../../../i586-slackware-linux/lib/:/usr/lib/gcc/i586-slackware-linux/5.3.0/../../../:/lib/:/usr/lib/
COLLECT_GCC_OPTIONS='-o' 'hash' '-v' '-mtune=pentium' '-march=i586'
 /usr/libexec/gcc/i586-slackware-linux/5.3.0/collect2 -plugin /usr/libexec/gcc/i586-slackware-linux/5.3.0/liblto_plugin.so -plugin-opt=/usr/libexec/gcc/i586-slackware-linux/5.3.0/lto-wrapper -plugin-opt=-fresolution=/tmp/ccvUfK0W.res -plugin-opt=-pass-through=-lgcc -plugin-opt=-pass-through=-lgcc_s -plugin-opt=-pass-through=-lc -plugin-opt=-pass-through=-lgcc -plugin-opt=-pass-through=-lgcc_s --eh-frame-hdr -m elf_i386 -dynamic-linker /lib/ld-linux.so.2 -o hash /usr/lib/gcc/i586-slackware-linux/5.3.0/../../../crt1.o /usr/lib/gcc/i586-slackware-linux/5.3.0/../../../crti.o /usr/lib/gcc/i586-slackware-linux/5.3.0/crtbegin.o -L/usr/lib/gcc/i586-slackware-linux/5.3.0 -L/usr/lib/gcc/i586-slackware-linux/5.3.0/../../../../i586-slackware-linux/lib -L/usr/lib/gcc/i586-slackware-linux/5.3.0/../../.. /tmp/cckREKBQ.o -lcrypto -lgcc --as-needed -lgcc_s --no-as-needed -lc -lgcc --as-needed -lgcc_s --no-as-needed /usr/lib/gcc/i586-slackware-linux/5.3.0/crtend.o /usr/lib/gcc/i586-slackware-linux/5.3.0/../../../crtn.o
